<?xml version="1.0" encoding="UTF-8"?>
<testsuite xmlns:xsi="http://www.w3.org/2001/XMLSchema-instance" xsi:noNamespaceSchemaLocation="https://maven.apache.org/surefire/maven-surefire-plugin/xsd/surefire-test-report.xsd" name="PersonalAccountTest" time="40.611" tests="4" errors="1" skipped="0" failures="0">
  <properties>
[...]
</properties>
  <testcase name="logoutTest" classname="PersonalAccountTest" time="13.097">
    <error message="Expected condition failed: waiting for element to be clickable: [[FirefoxDriver: firefox on WINDOWS (81976183-d21d-4387-8633-922272b392c1)] -&gt; name: name] (tried for 3 second(s) with 500 milliseconds interval)&#10;Build info: version: &apos;4.2.1&apos;, revision: &apos;ac4d0fdd4a&apos;&#10;System info: host: &apos;MSI&apos;, ip: &apos;192.168.1.5&apos;, os.name: &apos;Windows 10&apos;, os.arch: &apos;amd64&apos;, os.version: &apos;10.0&apos;, java.version: &apos;11.0.15&apos;&#10;Driver info: org.openqa.selenium.firefox.FirefoxDriver&#10;Capabilities {acceptInsecureCerts: true, browserName: firefox, browserVersion: 104.0.2, moz:accessibilityChecks: false, moz:buildID: 20220902153754, moz:debuggerAddress: localhost:52389, moz:geckodriverVersion: 0.31.0, moz:headless: false, moz:platformVersion: 10.0, moz:processID: 17260, moz:profile: C:\Users\admin\AppData\Loca..., moz:shutdownTimeout: 60000, moz:useNonSpecCompliantPointerOrigin: false, moz:webdriverClick: true, moz:windowless: false, pageLoadStrategy: normal, platformName: WINDOWS, proxy: Proxy(), se:cdp: ws://localhost:52389/devtoo..., se:cdpVersion: 85.0, setWindowRect: true, strictFileInteractability: false, timeouts: {implicit: 0, pageLoad: 300000, script: 30000}, unhandledPromptBehavior: dismiss and notify}&#10;Session ID: 81976183-d21d-4387-8633-922272b392c1" type="org.openqa.selenium.TimeoutException">org.openqa.selenium.TimeoutException: 
Expected condition failed: waiting for element to be clickable: [[FirefoxDriver: firefox on WINDOWS (81976183-d21d-4387-8633-922272b392c1)] -> name: name] (tried for 3 second(s) with 500 milliseconds interval)
Build info: version: '4.2.1', revision: 'ac4d0fdd4a'
System info: host: 'MSI', ip: '192.168.1.5', os.name: 'Windows 10', os.arch: 'amd64', os.version: '10.0', java.version: '11.0.15'
Driver info: org.openqa.selenium.firefox.FirefoxDriver
Capabilities {acceptInsecureCerts: true, browserName: firefox, browserVersion: 104.0.2, moz:accessibilityChecks: false, moz:buildID: 20220902153754, moz:debuggerAddress: localhost:52389, moz:geckodriverVersion: 0.31.0, moz:headless: false, moz:platformVersion: 10.0, moz:processID: 17260, moz:profile: C:\Users\admin\AppData\Loca..., moz:shutdownTimeout: 60000, moz:useNonSpecCompliantPointerOrigin: false, moz:webdriverClick: true, moz:windowless: false, pageLoadStrategy: normal, platformName: WINDOWS, proxy: Proxy(), se:cdp: ws://localhost:52389/devtoo..., se:cdpVersion: 85.0, setWindowRect: true, strictFileInteractability: false, timeouts: {implicit: 0, pageLoad: 300000, script: 30000}, unhandledPromptBehavior: dismiss and notify}
Session ID: 81976183-d21d-4387-8633-922272b392c1
	at PersonalAccountTest.logoutTest(PersonalAccountTest.java:85)
</error>
    <system-err><![CDATA[1663875999197	geckodriver	INFO	Listening on 127.0.0.1:62336
1663875999222	mozrunner::runner	INFO	Running command: "C:\\Program Files\\Mozilla Firefox\\firefox.exe" "--marionette" "--remote-debugging-port" "52389" "--remote-allow-hosts" "localhost" "--remote-allow-origins" "http://localhost:52389/" "-no-remote" "-profile" "C:\\Users\\admin\\AppData\\Local\\Temp\\rust_mozprofilemoEplJ"
1663875999871	Marionette	INFO	Marionette enabled
1663875999875	Marionette	INFO	Listening on port 58701
WebDriver BiDi listening on ws://localhost:52389
Read port: 58701
1663875999989	RemoteAgent	WARN	TLS certificate errors will be ignored for this session
console.warn: SearchSettings: "get: No settings file exists, new profile?" (new NotFoundError("Could not open the file at C:\\Users\\admin\\AppData\\Local\\Temp\\rust_mozprofilemoEplJ\\search.json.mozlz4", (void 0)))
DevTools listening on ws://localhost:52389/devtools/browser/2a01a6c6-b443-4f0a-9b53-7ea12bf18b8f
сент. 22, 2022 10:46:42 PM org.openqa.selenium.remote.ProtocolHandshake createSession
INFO: Detected upstream dialect: W3C
console.warn: LoginRecipes: "Falling back to a synchronous message for: https://stellarburgers.nomoreparties.site."
1663876011087	Marionette	INFO	Stopped listening on port 58701
]]></system-err>
  </testcase>
  <testcase name="clickConstructorFromPersonalAccountTest" classname="PersonalAccountTest" time="8.534"/>
  <testcase name="clickLogoFromPersonalAccountTest" classname="PersonalAccountTest" time="9.266"/>
  <testcase name="clickPersonalAccountBtnTest" classname="PersonalAccountTest" time="9.71"/>
</testsuite>