<?xml version="1.0" encoding="UTF-8"?>
<testsuite xmlns:xsi="http://www.w3.org/2001/XMLSchema-instance" xsi:noNamespaceSchemaLocation="https://maven.apache.org/surefire/maven-surefire-plugin/xsd/surefire-test-report.xsd" name="ConstructorSectionsTest" time="15.147" tests="1" errors="1" skipped="0" failures="0">
  <properties>
[...]
</properties>
  <testcase name="constructorFieldsTest" classname="ConstructorSectionsTest" time="14.664">
    <error message="element click intercepted: Element &lt;div class=&quot;tab_tab__1SPyG tab_tab_type_current__2BEPc pt-4 pr-10 pb-4 pl-10 noselect&quot;&gt;...&lt;/div&gt; is not clickable at point (100, 174). Other element would receive the click: &lt;div style=&quot;display: flex;&quot;&gt;...&lt;/div&gt;&#10;  (Session info: chrome=105.0.5195.127)&#10;Build info: version: &apos;4.2.1&apos;, revision: &apos;ac4d0fdd4a&apos;&#10;System info: host: &apos;MSI&apos;, ip: &apos;192.168.1.5&apos;, os.name: &apos;Windows 10&apos;, os.arch: &apos;amd64&apos;, os.version: &apos;10.0&apos;, java.version: &apos;11.0.15&apos;&#10;Driver info: org.openqa.selenium.chrome.ChromeDriver&#10;Command: [abb6770de1eb2af3f4457a98413a2e18, clickElement {id=5bf0cabe-4705-45b0-b4a6-8bfee8e90a5f}]&#10;Capabilities {acceptInsecureCerts: false, browserName: chrome, browserVersion: 105.0.5195.127, chrome: {chromedriverVersion: 105.0.5195.52 (412c95e51883..., userDataDir: C:\Users\admin\AppData\Loca...}, goog:chromeOptions: {debuggerAddress: localhost:60668}, networkConnectionEnabled: false, pageLoadStrategy: normal, platformName: WINDOWS, proxy: Proxy(), se:cdp: ws://localhost:60668/devtoo..., se:cdpVersion: 105.0.5195.127, setWindowRect: true, strictFileInteractability: false, timeouts: {implicit: 0, pageLoad: 300000, script: 30000}, unhandledPromptBehavior: dismiss and notify, webauthn:extension:credBlob: true, webauthn:extension:largeBlob: true, webauthn:virtualAuthenticators: true}&#10;Element: [[ChromeDriver: chrome on WINDOWS (abb6770de1eb2af3f4457a98413a2e18)] -&gt; xpath: //*[.=&apos;Булки&apos;]]&#10;Session ID: abb6770de1eb2af3f4457a98413a2e18" type="org.openqa.selenium.ElementClickInterceptedException"><![CDATA[org.openqa.selenium.ElementClickInterceptedException: 
element click intercepted: Element <div class="tab_tab__1SPyG tab_tab_type_current__2BEPc pt-4 pr-10 pb-4 pl-10 noselect">...</div> is not clickable at point (100, 174). Other element would receive the click: <div style="display: flex;">...</div>
  (Session info: chrome=105.0.5195.127)
Build info: version: '4.2.1', revision: 'ac4d0fdd4a'
System info: host: 'MSI', ip: '192.168.1.5', os.name: 'Windows 10', os.arch: 'amd64', os.version: '10.0', java.version: '11.0.15'
Driver info: org.openqa.selenium.chrome.ChromeDriver
Command: [abb6770de1eb2af3f4457a98413a2e18, clickElement {id=5bf0cabe-4705-45b0-b4a6-8bfee8e90a5f}]
Capabilities {acceptInsecureCerts: false, browserName: chrome, browserVersion: 105.0.5195.127, chrome: {chromedriverVersion: 105.0.5195.52 (412c95e51883..., userDataDir: C:\Users\admin\AppData\Loca...}, goog:chromeOptions: {debuggerAddress: localhost:60668}, networkConnectionEnabled: false, pageLoadStrategy: normal, platformName: WINDOWS, proxy: Proxy(), se:cdp: ws://localhost:60668/devtoo..., se:cdpVersion: 105.0.5195.127, setWindowRect: true, strictFileInteractability: false, timeouts: {implicit: 0, pageLoad: 300000, script: 30000}, unhandledPromptBehavior: dismiss and notify, webauthn:extension:credBlob: true, webauthn:extension:largeBlob: true, webauthn:virtualAuthenticators: true}
Element: [[ChromeDriver: chrome on WINDOWS (abb6770de1eb2af3f4457a98413a2e18)] -> xpath: //*[.='Булки']]
Session ID: abb6770de1eb2af3f4457a98413a2e18
	at ConstructorSectionsTest.constructorFieldsTest(ConstructorSectionsTest.java:41)
]]></error>
    <system-err><![CDATA[SLF4J: Failed to load class "org.slf4j.impl.StaticLoggerBinder".
SLF4J: Defaulting to no-operation (NOP) logger implementation
SLF4J: See http://www.slf4j.org/codes.html#StaticLoggerBinder for further details.
Starting ChromeDriver 105.0.5195.52 (412c95e518836d8a7d97250d62b29c2ae6a26a85-refs/branch-heads/5195@{#853}) on port 64022
Only local connections are allowed.
Please see https://chromedriver.chromium.org/security-considerations for suggestions on keeping ChromeDriver safe.
ChromeDriver was started successfully.
сент. 24, 2022 2:14:23 PM org.openqa.selenium.remote.ProtocolHandshake createSession
INFO: Detected upstream dialect: W3C
сент. 24, 2022 2:14:23 PM org.openqa.selenium.devtools.CdpVersionFinder findNearestMatch
WARNING: Unable to find an exact match for CDP version 105, so returning the closest version found: 102
сент. 24, 2022 2:14:23 PM org.openqa.selenium.devtools.CdpVersionFinder findNearestMatch
INFO: Found CDP implementation for version 105 of 102
]]></system-err>
  </testcase>
</testsuite>